<?xml version="1.0" encoding="UTF-8"?>
<testng-results skipped="0" failed="0" ignored="0" total="1" passed="1">
  <reporter-output>
  </reporter-output>
  <suite name="Default suite" duration-ms="35854" started-at="2019-10-12T09:40:56Z" finished-at="2019-10-12T09:41:32Z">
    <groups>
    </groups>
    <test name="Default test" duration-ms="35854" started-at="2019-10-12T09:40:56Z" finished-at="2019-10-12T09:41:32Z">
      <class name="resources.Base">
        <test-method status="PASS" signature="Validate()[pri:0, instance:resources.Base@4501b7af]" name="Validate" duration-ms="35823" started-at="2019-10-12T15:10:56Z" finished-at="2019-10-12T15:11:32Z">
          <reporter-output>
          </reporter-output>
        </test-method> <!-- Validate -->
      </class> <!-- resources.Base -->
    </test> <!-- Default test -->
  </suite> <!-- Default suite -->
</testng-results>
